<?xml version="1.0" encoding="UTF-8"?>
<!-- Generated by org.testng.reporters.JUnitXMLReporter -->
<testsuite hostname="BLRIDC30203481" ignored="0" name="Default test" tests="3" failures="0" timestamp="26 Feb 2020 12:54:23 GMT" time="17.509" errors="0">
  <testcase name="verifyLoginPagetitletest" time="10.111" classname="com.qa.hubspot.test.LoginPageTest"/>
  <testcase name="verifySignUpLinkTest" time="0.078" classname="com.qa.hubspot.test.LoginPageTest"/>
  <testcase name="LoginTest" time="0.624" classname="com.qa.hubspot.test.LoginPageTest"/>
</testsuite> <!-- Default test -->
