<?xml version="1.0" encoding="UTF-8"?>
<!-- Generated by org.testng.reporters.JUnitXMLReporter -->
<testsuite hostname="BLRIDC30203481" ignored="0" name="Default test" tests="3" failures="0" timestamp="27 Feb 2020 08:57:13 GMT" time="39.585" errors="0">
  <testcase name="verifyLoginPagetitletest" time="24.194" classname="com.qa.hubspot.test.LoginPageTest"/>
  <testcase name="verifySignUpLinkTest" time="0.062" classname="com.qa.hubspot.test.LoginPageTest"/>
  <testcase name="LoginTest" time="0.429" classname="com.qa.hubspot.test.LoginPageTest"/>
</testsuite> <!-- Default test -->
