<?xml version="1.0" encoding="UTF-8"?>
<!-- Generated by org.testng.reporters.JUnitXMLReporter -->
<testsuite hostname="BLRIDC30203481" ignored="0" name="Hub spot functional REgression Test" tests="6" failures="0" timestamp="02 Mar 2020 03:22:47 GMT" time="134.573" errors="0">
  <testcase name="verifyLoginPagetitletest" time="21.444" classname="com.qa.hubspot.test.LoginPageTest"/>
  <testcase name="verifyHomePageTitle" time="33.212" classname="com.qa.hubspot.test.HomePageTest"/>
  <testcase name="verifySignUpLinkTest" time="0.111" classname="com.qa.hubspot.test.LoginPageTest"/>
  <testcase name="verifyhomepageheader" time="20.567" classname="com.qa.hubspot.test.HomePageTest"/>
  <testcase name="LoginTest" time="0.745" classname="com.qa.hubspot.test.LoginPageTest"/>
  <testcase name="verifyLoggedinUser" time="13.286" classname="com.qa.hubspot.test.HomePageTest"/>
</testsuite> <!-- Hub spot functional REgression Test -->
