<?xml version="1.0" encoding="UTF-8"?>
<testng-results skipped="0" failed="0" ignored="2" total="3" passed="1">
  <reporter-output>
  </reporter-output>
  <suite name="Default suite" duration-ms="54678" started-at="2020-03-02T11:21:32Z" finished-at="2020-03-02T11:22:27Z">
    <groups>
    </groups>
    <test name="Default test" duration-ms="54678" started-at="2020-03-02T11:21:32Z" finished-at="2020-03-02T11:22:27Z">
      <class name="com.qa.hubspot.test.HomePageTest">
        <test-method status="PASS" signature="setUp()[pri:0, instance:com.qa.hubspot.test.HomePageTest@6a41eaa2]" name="setUp" is-config="true" duration-ms="42202" started-at="2020-03-02T11:21:32Z" finished-at="2020-03-02T11:22:15Z">
          <reporter-output>
          </reporter-output>
        </test-method> <!-- setUp -->
        <test-method status="PASS" signature="verifyHomePageTitle()[pri:1, instance:com.qa.hubspot.test.HomePageTest@6a41eaa2]" name="verifyHomePageTitle" duration-ms="11670" started-at="2020-03-02T11:22:15Z" finished-at="2020-03-02T11:22:26Z">
          <reporter-output>
          </reporter-output>
        </test-method> <!-- verifyHomePageTitle -->
        <test-method status="PASS" signature="tearDown()[pri:0, instance:com.qa.hubspot.test.HomePageTest@6a41eaa2]" name="tearDown" is-config="true" duration-ms="752" started-at="2020-03-02T11:22:26Z" finished-at="2020-03-02T11:22:27Z">
          <reporter-output>
          </reporter-output>
        </test-method> <!-- tearDown -->
      </class> <!-- com.qa.hubspot.test.HomePageTest -->
    </test> <!-- Default test -->
  </suite> <!-- Default suite -->
</testng-results>
